2021-11-29 15:44:51,846 DEBUG    root            Loaded Command Group: ['gcloud', 'components']
2021-11-29 15:44:51,882 DEBUG    root            Loaded Command Group: ['gcloud', 'components', 'update']
2021-11-29 15:44:51,884 DEBUG    root            Running [gcloud.components.update] with arguments: [--allow-no-backup: "True", --quiet: "True", COMPONENT-IDS:6: "['core', 'gcloud-deps', 'bq', 'gcloud', 'gsutil', 'anthoscli']"]
2021-11-29 15:44:51,894 INFO     ___FILE_ONLY___ Beginning update. This process may take several minutes.

2021-11-29 15:44:52,026 DEBUG    urllib3.connectionpool Starting new HTTPS connection (1): dl.google.com:443
2021-11-29 15:44:52,150 DEBUG    urllib3.connectionpool https://dl.google.com:443 "GET /dl/cloudsdk/channels/rapid/components-2.json HTTP/1.1" 200 171933
2021-11-29 15:44:52,220 INFO     ___FILE_ONLY___ 

2021-11-29 15:44:52,221 INFO     ___FILE_ONLY___ 
Your current Cloud SDK version is: 365.0.1

2021-11-29 15:44:52,222 INFO     ___FILE_ONLY___ Installing components from version: 365.0.1

2021-11-29 15:44:52,222 INFO     ___FILE_ONLY___ 

2021-11-29 15:44:52,231 INFO     ___FILE_ONLY___ ┌─────────────────────────────────────────────────────────────────────────────┐
2021-11-29 15:44:52,231 INFO     ___FILE_ONLY___ 

2021-11-29 15:44:52,231 INFO     ___FILE_ONLY___ │                     These components will be installed.                     │
2021-11-29 15:44:52,231 INFO     ___FILE_ONLY___ 

2021-11-29 15:44:52,232 INFO     ___FILE_ONLY___ ├─────────────────────────────────────────────────────┬────────────┬──────────┤
2021-11-29 15:44:52,232 INFO     ___FILE_ONLY___ 

2021-11-29 15:44:52,232 INFO     ___FILE_ONLY___ │                         Name                        │  Version   │   Size   │
2021-11-29 15:44:52,232 INFO     ___FILE_ONLY___ 

2021-11-29 15:44:52,232 INFO     ___FILE_ONLY___ ├─────────────────────────────────────────────────────┼────────────┼──────────┤
2021-11-29 15:44:52,232 INFO     ___FILE_ONLY___ 

2021-11-29 15:44:52,232 INFO     ___FILE_ONLY___ │ 
2021-11-29 15:44:52,232 INFO     ___FILE_ONLY___ BigQuery Command Line Tool                         
2021-11-29 15:44:52,232 INFO     ___FILE_ONLY___  
2021-11-29 15:44:52,232 INFO     ___FILE_ONLY___ │ 
2021-11-29 15:44:52,232 INFO     ___FILE_ONLY___     2.0.71
2021-11-29 15:44:52,232 INFO     ___FILE_ONLY___  
2021-11-29 15:44:52,233 INFO     ___FILE_ONLY___ │ 
2021-11-29 15:44:52,233 INFO     ___FILE_ONLY___  < 1 MiB
2021-11-29 15:44:52,233 INFO     ___FILE_ONLY___  
2021-11-29 15:44:52,233 INFO     ___FILE_ONLY___ │
2021-11-29 15:44:52,233 INFO     ___FILE_ONLY___ 

2021-11-29 15:44:52,233 INFO     ___FILE_ONLY___ │ 
2021-11-29 15:44:52,233 INFO     ___FILE_ONLY___ BigQuery Command Line Tool (Platform Specific)     
2021-11-29 15:44:52,233 INFO     ___FILE_ONLY___  
2021-11-29 15:44:52,233 INFO     ___FILE_ONLY___ │ 
2021-11-29 15:44:52,234 INFO     ___FILE_ONLY___     2.0.71
2021-11-29 15:44:52,234 INFO     ___FILE_ONLY___  
2021-11-29 15:44:52,234 INFO     ___FILE_ONLY___ │ 
2021-11-29 15:44:52,234 INFO     ___FILE_ONLY___  < 1 MiB
2021-11-29 15:44:52,234 INFO     ___FILE_ONLY___  
2021-11-29 15:44:52,234 INFO     ___FILE_ONLY___ │
2021-11-29 15:44:52,234 INFO     ___FILE_ONLY___ 

2021-11-29 15:44:52,234 INFO     ___FILE_ONLY___ │ 
2021-11-29 15:44:52,234 INFO     ___FILE_ONLY___ Cloud SDK Core Libraries (Platform Specific)       
2021-11-29 15:44:52,234 INFO     ___FILE_ONLY___  
2021-11-29 15:44:52,235 INFO     ___FILE_ONLY___ │ 
2021-11-29 15:44:52,235 INFO     ___FILE_ONLY___ 2021.09.17
2021-11-29 15:44:52,235 INFO     ___FILE_ONLY___  
2021-11-29 15:44:52,235 INFO     ___FILE_ONLY___ │ 
2021-11-29 15:44:52,235 INFO     ___FILE_ONLY___  < 1 MiB
2021-11-29 15:44:52,235 INFO     ___FILE_ONLY___  
2021-11-29 15:44:52,236 INFO     ___FILE_ONLY___ │
2021-11-29 15:44:52,236 INFO     ___FILE_ONLY___ 

2021-11-29 15:44:52,236 INFO     ___FILE_ONLY___ │ 
2021-11-29 15:44:52,236 INFO     ___FILE_ONLY___ Cloud Storage Command Line Tool                    
2021-11-29 15:44:52,236 INFO     ___FILE_ONLY___  
2021-11-29 15:44:52,236 INFO     ___FILE_ONLY___ │ 
2021-11-29 15:44:52,236 INFO     ___FILE_ONLY___        5.5
2021-11-29 15:44:52,236 INFO     ___FILE_ONLY___  
2021-11-29 15:44:52,237 INFO     ___FILE_ONLY___ │ 
2021-11-29 15:44:52,237 INFO     ___FILE_ONLY___  8.1 MiB
2021-11-29 15:44:52,237 INFO     ___FILE_ONLY___  
2021-11-29 15:44:52,237 INFO     ___FILE_ONLY___ │
2021-11-29 15:44:52,237 INFO     ___FILE_ONLY___ 

2021-11-29 15:44:52,237 INFO     ___FILE_ONLY___ │ 
2021-11-29 15:44:52,237 INFO     ___FILE_ONLY___ Cloud Storage Command Line Tool (Platform Specific)
2021-11-29 15:44:52,237 INFO     ___FILE_ONLY___  
2021-11-29 15:44:52,237 INFO     ___FILE_ONLY___ │ 
2021-11-29 15:44:52,238 INFO     ___FILE_ONLY___       4.68
2021-11-29 15:44:52,238 INFO     ___FILE_ONLY___  
2021-11-29 15:44:52,238 INFO     ___FILE_ONLY___ │ 
2021-11-29 15:44:52,238 INFO     ___FILE_ONLY___  < 1 MiB
2021-11-29 15:44:52,238 INFO     ___FILE_ONLY___  
2021-11-29 15:44:52,238 INFO     ___FILE_ONLY___ │
2021-11-29 15:44:52,238 INFO     ___FILE_ONLY___ 

2021-11-29 15:44:52,238 INFO     ___FILE_ONLY___ │ 
2021-11-29 15:44:52,238 INFO     ___FILE_ONLY___ anthoscli                                          
2021-11-29 15:44:52,238 INFO     ___FILE_ONLY___  
2021-11-29 15:44:52,239 INFO     ___FILE_ONLY___ │ 
2021-11-29 15:44:52,239 INFO     ___FILE_ONLY___     0.2.21
2021-11-29 15:44:52,239 INFO     ___FILE_ONLY___  
2021-11-29 15:44:52,239 INFO     ___FILE_ONLY___ │ 
2021-11-29 15:44:52,239 INFO     ___FILE_ONLY___ 47.5 MiB
2021-11-29 15:44:52,239 INFO     ___FILE_ONLY___  
2021-11-29 15:44:52,239 INFO     ___FILE_ONLY___ │
2021-11-29 15:44:52,239 INFO     ___FILE_ONLY___ 

2021-11-29 15:44:52,239 INFO     ___FILE_ONLY___ │ 
2021-11-29 15:44:52,239 INFO     ___FILE_ONLY___ gcloud cli dependencies                            
2021-11-29 15:44:52,239 INFO     ___FILE_ONLY___  
2021-11-29 15:44:52,240 INFO     ___FILE_ONLY___ │ 
2021-11-29 15:44:52,240 INFO     ___FILE_ONLY___ 2021.04.16
2021-11-29 15:44:52,240 INFO     ___FILE_ONLY___  
2021-11-29 15:44:52,240 INFO     ___FILE_ONLY___ │ 
2021-11-29 15:44:52,240 INFO     ___FILE_ONLY___  < 1 MiB
2021-11-29 15:44:52,240 INFO     ___FILE_ONLY___  
2021-11-29 15:44:52,240 INFO     ___FILE_ONLY___ │
2021-11-29 15:44:52,240 INFO     ___FILE_ONLY___ 

2021-11-29 15:44:52,240 INFO     ___FILE_ONLY___ └─────────────────────────────────────────────────────┴────────────┴──────────┘
2021-11-29 15:44:52,240 INFO     ___FILE_ONLY___ 

2021-11-29 15:44:52,240 INFO     ___FILE_ONLY___ 

2021-11-29 15:44:52,243 DEBUG    urllib3.connectionpool Starting new HTTPS connection (1): dl.google.com:443
2021-11-29 15:44:52,323 DEBUG    urllib3.connectionpool https://dl.google.com:443 "GET /dl/cloudsdk/channels/rapid/RELEASE_NOTES HTTP/1.1" 200 723762
2021-11-29 15:44:52,465 INFO     ___FILE_ONLY___ For the latest full release notes, please visit:
  https://cloud.google.com/sdk/release_notes


2021-11-29 15:44:52,466 INFO     ___FILE_ONLY___ ╔════════════════════════════════════════════════════════════╗

2021-11-29 15:44:52,466 INFO     ___FILE_ONLY___ ╠═ Creating update staging area                             ═╣

2021-11-29 15:44:52,466 INFO     ___FILE_ONLY___ ╚
2021-11-29 15:44:52,466 INFO     ___FILE_ONLY___ ══════
2021-11-29 15:44:52,467 INFO     ___FILE_ONLY___ ══════
2021-11-29 15:44:52,467 INFO     ___FILE_ONLY___ ══════
2021-11-29 15:44:54,046 INFO     ___FILE_ONLY___ ═
2021-11-29 15:44:57,133 INFO     ___FILE_ONLY___ ═
2021-11-29 15:44:58,686 INFO     ___FILE_ONLY___ ═
2021-11-29 15:45:00,219 INFO     ___FILE_ONLY___ ═
2021-11-29 15:45:01,446 INFO     ___FILE_ONLY___ ═
2021-11-29 15:45:02,880 INFO     ___FILE_ONLY___ ═
2021-11-29 15:45:03,842 INFO     ___FILE_ONLY___ ═
2021-11-29 15:45:04,728 INFO     ___FILE_ONLY___ ═
2021-11-29 15:45:05,629 INFO     ___FILE_ONLY___ ═
2021-11-29 15:45:06,547 INFO     ___FILE_ONLY___ ═
2021-11-29 15:45:07,519 INFO     ___FILE_ONLY___ ═
2021-11-29 15:45:08,486 INFO     ___FILE_ONLY___ ═
2021-11-29 15:45:09,567 INFO     ___FILE_ONLY___ ═
2021-11-29 15:45:10,437 INFO     ___FILE_ONLY___ ═
2021-11-29 15:45:12,578 INFO     ___FILE_ONLY___ ═
2021-11-29 15:45:15,426 INFO     ___FILE_ONLY___ ═
2021-11-29 15:45:18,237 INFO     ___FILE_ONLY___ ═
2021-11-29 15:45:19,722 INFO     ___FILE_ONLY___ ═
2021-11-29 15:45:20,879 INFO     ___FILE_ONLY___ ═
2021-11-29 15:45:22,336 INFO     ___FILE_ONLY___ ═
2021-11-29 15:45:23,632 INFO     ___FILE_ONLY___ ═
2021-11-29 15:45:24,772 INFO     ___FILE_ONLY___ ═
2021-11-29 15:45:26,147 INFO     ___FILE_ONLY___ ═
2021-11-29 15:45:27,246 INFO     ___FILE_ONLY___ ═
2021-11-29 15:45:28,726 INFO     ___FILE_ONLY___ ═
2021-11-29 15:45:30,185 INFO     ___FILE_ONLY___ ═
2021-11-29 15:45:31,541 INFO     ___FILE_ONLY___ ═
2021-11-29 15:45:32,715 INFO     ___FILE_ONLY___ ═
2021-11-29 15:45:33,736 INFO     ___FILE_ONLY___ ═
2021-11-29 15:45:35,027 INFO     ___FILE_ONLY___ ═
2021-11-29 15:45:36,927 INFO     ___FILE_ONLY___ ═
2021-11-29 15:45:39,430 INFO     ___FILE_ONLY___ ═
2021-11-29 15:45:40,747 INFO     ___FILE_ONLY___ ═
2021-11-29 15:45:44,916 INFO     ___FILE_ONLY___ ═
2021-11-29 15:45:46,045 INFO     ___FILE_ONLY___ ═
2021-11-29 15:45:46,532 INFO     ___FILE_ONLY___ ═
2021-11-29 15:45:47,274 INFO     ___FILE_ONLY___ ═
2021-11-29 15:45:47,748 INFO     ___FILE_ONLY___ ═
2021-11-29 15:45:48,282 INFO     ___FILE_ONLY___ ═
2021-11-29 15:45:48,765 INFO     ___FILE_ONLY___ ═
2021-11-29 15:45:49,245 INFO     ___FILE_ONLY___ ═
2021-11-29 15:45:50,726 INFO     ___FILE_ONLY___ ═
2021-11-29 15:45:50,726 INFO     ___FILE_ONLY___ ╝

2021-11-29 15:45:56,175 INFO     ___FILE_ONLY___ ╔════════════════════════════════════════════════════════════╗

2021-11-29 15:45:56,175 INFO     ___FILE_ONLY___ ╠═ Installing: BigQuery Command Line Tool                   ═╣

2021-11-29 15:45:56,175 INFO     ___FILE_ONLY___ ╚
2021-11-29 15:45:56,178 DEBUG    urllib3.connectionpool Starting new HTTPS connection (1): dl.google.com:443
2021-11-29 15:45:56,253 DEBUG    urllib3.connectionpool https://dl.google.com:443 "GET /dl/cloudsdk/channels/rapid/components/google-cloud-sdk-bq-20211119221056.tar.gz HTTP/1.1" 200 1044672
2021-11-29 15:45:56,439 INFO     ___FILE_ONLY___ ═
2021-11-29 15:45:56,439 INFO     ___FILE_ONLY___ ═
2021-11-29 15:45:56,440 INFO     ___FILE_ONLY___ ═
2021-11-29 15:45:56,440 INFO     ___FILE_ONLY___ ═
2021-11-29 15:45:56,440 INFO     ___FILE_ONLY___ ═
2021-11-29 15:45:56,440 INFO     ___FILE_ONLY___ ═
2021-11-29 15:45:56,440 INFO     ___FILE_ONLY___ ═
2021-11-29 15:45:56,440 INFO     ___FILE_ONLY___ ═
2021-11-29 15:45:56,441 INFO     ___FILE_ONLY___ ═
2021-11-29 15:45:56,441 INFO     ___FILE_ONLY___ ═
2021-11-29 15:45:56,441 INFO     ___FILE_ONLY___ ═
2021-11-29 15:45:56,441 INFO     ___FILE_ONLY___ ═
2021-11-29 15:45:56,441 INFO     ___FILE_ONLY___ ═
2021-11-29 15:45:56,441 INFO     ___FILE_ONLY___ ═
2021-11-29 15:45:56,441 INFO     ___FILE_ONLY___ ═
2021-11-29 15:45:56,441 INFO     ___FILE_ONLY___ ═
2021-11-29 15:45:56,442 INFO     ___FILE_ONLY___ ═
2021-11-29 15:45:56,442 INFO     ___FILE_ONLY___ ═
2021-11-29 15:45:56,442 INFO     ___FILE_ONLY___ ═
2021-11-29 15:45:56,442 INFO     ___FILE_ONLY___ ═
2021-11-29 15:45:56,442 INFO     ___FILE_ONLY___ ═
2021-11-29 15:45:56,442 INFO     ___FILE_ONLY___ ═
2021-11-29 15:45:56,442 INFO     ___FILE_ONLY___ ═
2021-11-29 15:45:56,443 INFO     ___FILE_ONLY___ ═
2021-11-29 15:45:56,443 INFO     ___FILE_ONLY___ ═
2021-11-29 15:45:56,443 INFO     ___FILE_ONLY___ ═
2021-11-29 15:45:56,443 INFO     ___FILE_ONLY___ ═
2021-11-29 15:45:56,443 INFO     ___FILE_ONLY___ ═
2021-11-29 15:45:56,443 INFO     ___FILE_ONLY___ ═
2021-11-29 15:45:56,443 INFO     ___FILE_ONLY___ ═
2021-11-29 15:45:56,499 INFO     ___FILE_ONLY___ ═
2021-11-29 15:45:56,514 INFO     ___FILE_ONLY___ ═
2021-11-29 15:45:56,524 INFO     ___FILE_ONLY___ ═
2021-11-29 15:45:56,535 INFO     ___FILE_ONLY___ ═
2021-11-29 15:45:56,546 INFO     ___FILE_ONLY___ ═
2021-11-29 15:45:56,555 INFO     ___FILE_ONLY___ ═
2021-11-29 15:45:56,566 INFO     ___FILE_ONLY___ ═
2021-11-29 15:45:56,575 INFO     ___FILE_ONLY___ ═
2021-11-29 15:45:56,584 INFO     ___FILE_ONLY___ ═
2021-11-29 15:45:56,597 INFO     ___FILE_ONLY___ ═
2021-11-29 15:45:56,608 INFO     ___FILE_ONLY___ ═
2021-11-29 15:45:56,617 INFO     ___FILE_ONLY___ ═
2021-11-29 15:45:56,629 INFO     ___FILE_ONLY___ ═
2021-11-29 15:45:56,639 INFO     ___FILE_ONLY___ ═
2021-11-29 15:45:56,650 INFO     ___FILE_ONLY___ ═
2021-11-29 15:45:56,660 INFO     ___FILE_ONLY___ ═
2021-11-29 15:45:56,670 INFO     ___FILE_ONLY___ ═
2021-11-29 15:45:56,679 INFO     ___FILE_ONLY___ ═
2021-11-29 15:45:56,687 INFO     ___FILE_ONLY___ ═
2021-11-29 15:45:56,699 INFO     ___FILE_ONLY___ ═
2021-11-29 15:45:56,710 INFO     ___FILE_ONLY___ ═
2021-11-29 15:45:56,721 INFO     ___FILE_ONLY___ ═
2021-11-29 15:45:56,730 INFO     ___FILE_ONLY___ ═
2021-11-29 15:45:56,742 INFO     ___FILE_ONLY___ ═
2021-11-29 15:45:56,753 INFO     ___FILE_ONLY___ ═
2021-11-29 15:45:56,762 INFO     ___FILE_ONLY___ ═
2021-11-29 15:45:56,771 INFO     ___FILE_ONLY___ ═
2021-11-29 15:45:56,782 INFO     ___FILE_ONLY___ ═
2021-11-29 15:45:56,794 INFO     ___FILE_ONLY___ ═
2021-11-29 15:45:56,802 INFO     ___FILE_ONLY___ ═
2021-11-29 15:45:56,802 INFO     ___FILE_ONLY___ ╝

2021-11-29 15:45:56,830 INFO     ___FILE_ONLY___ ╔════════════════════════════════════════════════════════════╗

2021-11-29 15:45:56,830 INFO     ___FILE_ONLY___ ╠═ Installing: BigQuery Command Line Tool (Platform Spec... ═╣

2021-11-29 15:45:56,830 INFO     ___FILE_ONLY___ ╚
2021-11-29 15:45:56,833 DEBUG    urllib3.connectionpool Starting new HTTPS connection (1): dl.google.com:443
2021-11-29 15:45:56,900 DEBUG    urllib3.connectionpool https://dl.google.com:443 "GET /dl/cloudsdk/channels/rapid/components/google-cloud-sdk-bq-nix-20210917183454.tar.gz HTTP/1.1" 200 1901
2021-11-29 15:45:56,901 INFO     ___FILE_ONLY___ ══════════════════════════════
2021-11-29 15:45:56,919 INFO     ___FILE_ONLY___ ══════════════════════════════
2021-11-29 15:45:56,919 INFO     ___FILE_ONLY___ ╝

2021-11-29 15:45:56,926 INFO     ___FILE_ONLY___ ╔════════════════════════════════════════════════════════════╗

2021-11-29 15:45:56,926 INFO     ___FILE_ONLY___ ╠═ Installing: Cloud SDK Core Libraries (Platform Specific) ═╣

2021-11-29 15:45:56,926 INFO     ___FILE_ONLY___ ╚
2021-11-29 15:45:56,929 DEBUG    urllib3.connectionpool Starting new HTTPS connection (1): dl.google.com:443
2021-11-29 15:45:57,001 DEBUG    urllib3.connectionpool https://dl.google.com:443 "GET /dl/cloudsdk/channels/rapid/components/google-cloud-sdk-core-nix-20210917183454.tar.gz HTTP/1.1" 200 2288
2021-11-29 15:45:57,002 INFO     ___FILE_ONLY___ ══════════════════════════════
2021-11-29 15:45:57,018 INFO     ___FILE_ONLY___ ═══════════════
2021-11-29 15:45:57,019 INFO     ___FILE_ONLY___ ═══════════════
2021-11-29 15:45:57,019 INFO     ___FILE_ONLY___ ╝

2021-11-29 15:45:57,024 INFO     ___FILE_ONLY___ ╔════════════════════════════════════════════════════════════╗

2021-11-29 15:45:57,025 INFO     ___FILE_ONLY___ ╠═ Installing: Cloud Storage Command Line Tool              ═╣

2021-11-29 15:45:57,025 INFO     ___FILE_ONLY___ ╚
2021-11-29 15:45:57,027 DEBUG    urllib3.connectionpool Starting new HTTPS connection (1): dl.google.com:443
2021-11-29 15:45:57,106 DEBUG    urllib3.connectionpool https://dl.google.com:443 "GET /dl/cloudsdk/channels/rapid/components/google-cloud-sdk-gsutil-20211112160846.tar.gz HTTP/1.1" 200 8492857
2021-11-29 15:45:58,496 INFO     ___FILE_ONLY___ ═
2021-11-29 15:45:58,496 INFO     ___FILE_ONLY___ ═
2021-11-29 15:45:58,497 INFO     ___FILE_ONLY___ ═
2021-11-29 15:45:58,497 INFO     ___FILE_ONLY___ ═
2021-11-29 15:45:58,498 INFO     ___FILE_ONLY___ ═
2021-11-29 15:45:58,498 INFO     ___FILE_ONLY___ ═
2021-11-29 15:45:58,499 INFO     ___FILE_ONLY___ ═
2021-11-29 15:45:58,500 INFO     ___FILE_ONLY___ ═
2021-11-29 15:45:58,500 INFO     ___FILE_ONLY___ ═
2021-11-29 15:45:58,500 INFO     ___FILE_ONLY___ ═
2021-11-29 15:45:58,501 INFO     ___FILE_ONLY___ ═
2021-11-29 15:45:58,501 INFO     ___FILE_ONLY___ ═
2021-11-29 15:45:58,502 INFO     ___FILE_ONLY___ ═
2021-11-29 15:45:58,502 INFO     ___FILE_ONLY___ ═
2021-11-29 15:45:58,503 INFO     ___FILE_ONLY___ ═
2021-11-29 15:45:58,503 INFO     ___FILE_ONLY___ ═
2021-11-29 15:45:58,504 INFO     ___FILE_ONLY___ ═
2021-11-29 15:45:58,504 INFO     ___FILE_ONLY___ ═
2021-11-29 15:45:58,505 INFO     ___FILE_ONLY___ ═
2021-11-29 15:45:58,506 INFO     ___FILE_ONLY___ ═
2021-11-29 15:45:58,507 INFO     ___FILE_ONLY___ ═
2021-11-29 15:45:58,507 INFO     ___FILE_ONLY___ ═
2021-11-29 15:45:58,508 INFO     ___FILE_ONLY___ ═
2021-11-29 15:45:58,508 INFO     ___FILE_ONLY___ ═
2021-11-29 15:45:58,509 INFO     ___FILE_ONLY___ ═
2021-11-29 15:45:58,509 INFO     ___FILE_ONLY___ ═
2021-11-29 15:45:58,510 INFO     ___FILE_ONLY___ ═
2021-11-29 15:45:58,511 INFO     ___FILE_ONLY___ ═
2021-11-29 15:45:58,511 INFO     ___FILE_ONLY___ ═
2021-11-29 15:45:58,512 INFO     ___FILE_ONLY___ ═
2021-11-29 15:45:58,982 INFO     ___FILE_ONLY___ ═
2021-11-29 15:45:59,139 INFO     ___FILE_ONLY___ ═
2021-11-29 15:45:59,301 INFO     ___FILE_ONLY___ ═
2021-11-29 15:45:59,445 INFO     ___FILE_ONLY___ ═
2021-11-29 15:45:59,581 INFO     ___FILE_ONLY___ ═
2021-11-29 15:45:59,727 INFO     ___FILE_ONLY___ ═
2021-11-29 15:45:59,878 INFO     ___FILE_ONLY___ ═
2021-11-29 15:46:00,030 INFO     ___FILE_ONLY___ ═
2021-11-29 15:46:00,173 INFO     ___FILE_ONLY___ ═
2021-11-29 15:46:00,319 INFO     ___FILE_ONLY___ ═
2021-11-29 15:46:00,463 INFO     ___FILE_ONLY___ ═
2021-11-29 15:46:00,605 INFO     ___FILE_ONLY___ ═
2021-11-29 15:46:00,747 INFO     ___FILE_ONLY___ ═
2021-11-29 15:46:00,918 INFO     ___FILE_ONLY___ ═
2021-11-29 15:46:01,097 INFO     ___FILE_ONLY___ ═
2021-11-29 15:46:01,258 INFO     ___FILE_ONLY___ ═
2021-11-29 15:46:01,408 INFO     ___FILE_ONLY___ ═
2021-11-29 15:46:01,560 INFO     ___FILE_ONLY___ ═
2021-11-29 15:46:01,726 INFO     ___FILE_ONLY___ ═
2021-11-29 15:46:01,867 INFO     ___FILE_ONLY___ ═
2021-11-29 15:46:02,021 INFO     ___FILE_ONLY___ ═
2021-11-29 15:46:02,162 INFO     ___FILE_ONLY___ ═
2021-11-29 15:46:02,315 INFO     ___FILE_ONLY___ ═
2021-11-29 15:46:02,484 INFO     ___FILE_ONLY___ ═
2021-11-29 15:46:02,656 INFO     ___FILE_ONLY___ ═
2021-11-29 15:46:02,811 INFO     ___FILE_ONLY___ ═
2021-11-29 15:46:02,957 INFO     ___FILE_ONLY___ ═
2021-11-29 15:46:03,110 INFO     ___FILE_ONLY___ ═
2021-11-29 15:46:03,252 INFO     ___FILE_ONLY___ ═
2021-11-29 15:46:03,430 INFO     ___FILE_ONLY___ ═
2021-11-29 15:46:03,430 INFO     ___FILE_ONLY___ ╝

2021-11-29 15:46:03,516 INFO     ___FILE_ONLY___ ╔════════════════════════════════════════════════════════════╗

2021-11-29 15:46:03,516 INFO     ___FILE_ONLY___ ╠═ Installing: Cloud Storage Command Line Tool (Platform... ═╣

2021-11-29 15:46:03,516 INFO     ___FILE_ONLY___ ╚
2021-11-29 15:46:03,519 DEBUG    urllib3.connectionpool Starting new HTTPS connection (1): dl.google.com:443
2021-11-29 15:46:03,593 DEBUG    urllib3.connectionpool https://dl.google.com:443 "GET /dl/cloudsdk/channels/rapid/components/google-cloud-sdk-gsutil-nix-20210917183454.tar.gz HTTP/1.1" 200 1913
2021-11-29 15:46:03,594 INFO     ___FILE_ONLY___ ══════════════════════════════
2021-11-29 15:46:03,597 INFO     ___FILE_ONLY___ ══════════════════════════════
2021-11-29 15:46:03,598 INFO     ___FILE_ONLY___ ╝

2021-11-29 15:46:03,604 INFO     ___FILE_ONLY___ ╔════════════════════════════════════════════════════════════╗

2021-11-29 15:46:03,604 INFO     ___FILE_ONLY___ ╠═ Installing: Default set of gcloud commands               ═╣

2021-11-29 15:46:03,604 INFO     ___FILE_ONLY___ ╚
2021-11-29 15:46:03,606 INFO     ___FILE_ONLY___ ════════════════════════════════════════════════════════════
2021-11-29 15:46:03,607 INFO     ___FILE_ONLY___ ╝

2021-11-29 15:46:03,607 INFO     ___FILE_ONLY___ ╔════════════════════════════════════════════════════════════╗

2021-11-29 15:46:03,607 INFO     ___FILE_ONLY___ ╠═ Installing: anthoscli                                    ═╣

2021-11-29 15:46:03,607 INFO     ___FILE_ONLY___ ╚
2021-11-29 15:46:03,609 DEBUG    urllib3.connectionpool Starting new HTTPS connection (1): dl.google.com:443
2021-11-29 15:46:03,728 DEBUG    urllib3.connectionpool https://dl.google.com:443 "GET /dl/cloudsdk/channels/rapid/components/google-cloud-sdk-anthoscli-darwin-x86_64-20211015142804.tar.gz HTTP/1.1" 200 49810478
2021-11-29 15:46:11,344 INFO     ___FILE_ONLY___ ═
2021-11-29 15:46:11,346 INFO     ___FILE_ONLY___ ═
2021-11-29 15:46:11,349 INFO     ___FILE_ONLY___ ═
2021-11-29 15:46:11,351 INFO     ___FILE_ONLY___ ═
2021-11-29 15:46:11,353 INFO     ___FILE_ONLY___ ═
2021-11-29 15:46:11,356 INFO     ___FILE_ONLY___ ═
2021-11-29 15:46:11,359 INFO     ___FILE_ONLY___ ═
2021-11-29 15:46:11,361 INFO     ___FILE_ONLY___ ═
2021-11-29 15:46:11,364 INFO     ___FILE_ONLY___ ═
2021-11-29 15:46:11,367 INFO     ___FILE_ONLY___ ═
2021-11-29 15:46:11,371 INFO     ___FILE_ONLY___ ═
2021-11-29 15:46:11,374 INFO     ___FILE_ONLY___ ═
2021-11-29 15:46:11,377 INFO     ___FILE_ONLY___ ═
2021-11-29 15:46:11,381 INFO     ___FILE_ONLY___ ═
2021-11-29 15:46:11,384 INFO     ___FILE_ONLY___ ═
2021-11-29 15:46:11,387 INFO     ___FILE_ONLY___ ═
2021-11-29 15:46:11,390 INFO     ___FILE_ONLY___ ═
2021-11-29 15:46:11,393 INFO     ___FILE_ONLY___ ═
2021-11-29 15:46:11,396 INFO     ___FILE_ONLY___ ═
2021-11-29 15:46:11,399 INFO     ___FILE_ONLY___ ═
2021-11-29 15:46:11,402 INFO     ___FILE_ONLY___ ═
2021-11-29 15:46:11,406 INFO     ___FILE_ONLY___ ═
2021-11-29 15:46:11,408 INFO     ___FILE_ONLY___ ═
2021-11-29 15:46:11,411 INFO     ___FILE_ONLY___ ═
2021-11-29 15:46:11,414 INFO     ___FILE_ONLY___ ═
2021-11-29 15:46:11,417 INFO     ___FILE_ONLY___ ═
2021-11-29 15:46:11,420 INFO     ___FILE_ONLY___ ═
2021-11-29 15:46:11,425 INFO     ___FILE_ONLY___ ═
2021-11-29 15:46:11,428 INFO     ___FILE_ONLY___ ═
2021-11-29 15:46:11,431 INFO     ___FILE_ONLY___ ═
2021-11-29 15:46:12,955 INFO     ___FILE_ONLY___ ══════════
2021-11-29 15:46:12,961 INFO     ___FILE_ONLY___ ═════════
2021-11-29 15:46:12,984 INFO     ___FILE_ONLY___ ═══════════
2021-11-29 15:46:12,984 INFO     ___FILE_ONLY___ ╝

2021-11-29 15:46:13,000 INFO     ___FILE_ONLY___ ╔════════════════════════════════════════════════════════════╗

2021-11-29 15:46:13,001 INFO     ___FILE_ONLY___ ╠═ Installing: anthoscli                                    ═╣

2021-11-29 15:46:13,001 INFO     ___FILE_ONLY___ ╚
2021-11-29 15:46:13,004 INFO     ___FILE_ONLY___ ════════════════════════════════════════════════════════════
2021-11-29 15:46:13,004 INFO     ___FILE_ONLY___ ╝

2021-11-29 15:46:13,005 INFO     ___FILE_ONLY___ ╔════════════════════════════════════════════════════════════╗

2021-11-29 15:46:13,005 INFO     ___FILE_ONLY___ ╠═ Installing: gcloud cli dependencies                      ═╣

2021-11-29 15:46:13,005 INFO     ___FILE_ONLY___ ╚
2021-11-29 15:46:13,008 DEBUG    urllib3.connectionpool Starting new HTTPS connection (1): dl.google.com:443
2021-11-29 15:46:13,080 DEBUG    urllib3.connectionpool https://dl.google.com:443 "GET /dl/cloudsdk/channels/rapid/components/google-cloud-sdk-gcloud-deps-darwin-x86_64-20210416153011.tar.gz HTTP/1.1" 200 105
2021-11-29 15:46:13,081 INFO     ___FILE_ONLY___ ══════════════════════════════
2021-11-29 15:46:13,084 INFO     ___FILE_ONLY___ ══════════════════════════════
2021-11-29 15:46:13,084 INFO     ___FILE_ONLY___ ╝

2021-11-29 15:46:13,091 INFO     ___FILE_ONLY___ ╔════════════════════════════════════════════════════════════╗

2021-11-29 15:46:13,091 INFO     ___FILE_ONLY___ ╠═ Creating backup and activating new installation          ═╣

2021-11-29 15:46:13,092 INFO     ___FILE_ONLY___ ╚
2021-11-29 15:46:13,092 DEBUG    root            Attempting to move directory [/usr/local/Caskroom/google-cloud-sdk/latest/google-cloud-sdk] to [/usr/local/Caskroom/google-cloud-sdk/latest/google-cloud-sdk.staging/.install/.backup]
2021-11-29 15:46:13,093 INFO     ___FILE_ONLY___ ══════════════════════════════
2021-11-29 15:46:13,094 DEBUG    root            Attempting to move directory [/usr/local/Caskroom/google-cloud-sdk/latest/google-cloud-sdk.staging] to [/usr/local/Caskroom/google-cloud-sdk/latest/google-cloud-sdk]
2021-11-29 15:46:13,094 INFO     ___FILE_ONLY___ ══════════════════════════════
2021-11-29 15:46:13,095 INFO     ___FILE_ONLY___ ╝

2021-11-29 15:46:13,143 DEBUG    root            Updating notification cache...
2021-11-29 15:46:13,144 INFO     ___FILE_ONLY___ 

2021-11-29 15:46:13,145 INFO     ___FILE_ONLY___ Performing post processing steps...
2021-11-29 15:46:13,145 DEBUG    root            Executing command: ['/usr/local/bin/python3', '-S', '/usr/local/Caskroom/google-cloud-sdk/latest/google-cloud-sdk/lib/gcloud.py', 'components', 'post-process']
2021-11-29 15:47:30,331 DEBUG    ___FILE_ONLY___ 
2021-11-29 15:47:30,332 DEBUG    ___FILE_ONLY___ 
2021-11-29 15:47:30,352 INFO     ___FILE_ONLY___ 
Update done!


2021-11-29 15:47:30,364 INFO     root            Display format: "none"
