2021-11-29 15:51:30,216 DEBUG    root            Loaded Command Group: ['gcloud', 'auth']
2021-11-29 15:51:30,715 DEBUG    root            Loaded Command Group: ['gcloud', 'auth', 'login']
2021-11-29 15:51:30,718 DEBUG    root            Running [gcloud.auth.login] with arguments: []
2021-11-29 15:51:30,737 DEBUG    requests_oauthlib.oauth2_session Generated new state aoGQLmbo3px8ToRXe6S2tWXJIVojQX.
2021-11-29 15:51:31,345 INFO     ___FILE_ONLY___ Your browser has been opened to visit:

    https://accounts.google.com/o/oauth2/auth?response_type=code&client_id=32555940559.apps.googleusercontent.com&redirect_uri=http%3A%2F%2Flocalhost%3A8085%2F&scope=openid+https%3A%2F%2Fwww.googleapis.com%2Fauth%2Fuserinfo.email+https%3A%2F%2Fwww.googleapis.com%2Fauth%2Fcloud-platform+https%3A%2F%2Fwww.googleapis.com%2Fauth%2Fappengine.admin+https%3A%2F%2Fwww.googleapis.com%2Fauth%2Fcompute+https%3A%2F%2Fwww.googleapis.com%2Fauth%2Faccounts.reauth&state=aoGQLmbo3px8ToRXe6S2tWXJIVojQX&access_type=offline&code_challenge=UHvat4tqtkOscH0Xc4cDS_LOpc8xB-6OvfETWLdFppU&code_challenge_method=S256


2021-11-29 15:51:40,011 INFO     google_auth_oauthlib.flow "GET /?state=aoGQLmbo3px8ToRXe6S2tWXJIVojQX&code=4/0AX4XfWhizlNFz_5qTwZS8E3EcRm4egK0d5v7hm2SRSPbCniTt_ZYXKYEL45kDYPzfkk3Kg&scope=email%20openid%20https://www.googleapis.com/auth/userinfo.email%20https://www.googleapis.com/auth/cloud-platform%20https://www.googleapis.com/auth/appengine.admin%20https://www.googleapis.com/auth/compute%20https://www.googleapis.com/auth/accounts.reauth&authuser=0&hd=mediamarktsaturn.com&prompt=consent HTTP/1.1" 200 959
2021-11-29 15:51:40,012 DEBUG    requests_oauthlib.oauth2_session Requesting url https://oauth2.googleapis.com/token using method POST.
2021-11-29 15:51:40,013 DEBUG    requests_oauthlib.oauth2_session Supplying headers {b'Accept': b'application/json', b'Content-Type': b'application/x-www-form-urlencoded;charset=UTF-8', b'user-agent': b'google-cloud-sdk gcloud/365.0.1 command/gcloud.auth.login invocation-id/eb45e2dc77284f6097e236dd284e27d5 environment/None environment-version/None interactive/True from-script/False python/3.9.9 term/xterm-256color (Macintosh; Intel Mac OS X 21.1.0)'} and data {'grant_type': 'authorization_code', 'client_id': '32555940559.apps.googleusercontent.com', 'client_secret': 'ZmssLNjJy2998hD4CTg2ejr2', 'code': '4/0AX4XfWhizlNFz_5qTwZS8E3EcRm4egK0d5v7hm2SRSPbCniTt_ZYXKYEL45kDYPzfkk3Kg', 'redirect_uri': 'http://localhost:8085/', 'code_verifier': 'SAuPgmneiDjpWhhbwa9q_JDTsgEKgHixIm6iudlOQiuXWAh8syCiOhUEdBwtR9_ulCVPsu16DH2JEZGPBgk3262kKgi58QBWE779VuULUqSE2CIdZpHSdnilQ2.s55z.'}
2021-11-29 15:51:40,013 DEBUG    requests_oauthlib.oauth2_session Passing through key word arguments {'json': None, 'timeout': None, 'auth': None, 'verify': None, 'proxies': None}.
2021-11-29 15:51:40,026 DEBUG    urllib3.connectionpool Starting new HTTPS connection (1): oauth2.googleapis.com:443
2021-11-29 15:51:40,176 DEBUG    urllib3.connectionpool https://oauth2.googleapis.com:443 "POST /token HTTP/1.1" 200 None
2021-11-29 15:51:40,177 DEBUG    requests_oauthlib.oauth2_session Prepared fetch token request body grant_type=authorization_code&client_id=32555940559.apps.googleusercontent.com&client_secret=ZmssLNjJy2998hD4CTg2ejr2&code=4%2F0AX4XfWhizlNFz_5qTwZS8E3EcRm4egK0d5v7hm2SRSPbCniTt_ZYXKYEL45kDYPzfkk3Kg&redirect_uri=http%3A%2F%2Flocalhost%3A8085%2F&code_verifier=SAuPgmneiDjpWhhbwa9q_JDTsgEKgHixIm6iudlOQiuXWAh8syCiOhUEdBwtR9_ulCVPsu16DH2JEZGPBgk3262kKgi58QBWE779VuULUqSE2CIdZpHSdnilQ2.s55z.
2021-11-29 15:51:40,177 DEBUG    requests_oauthlib.oauth2_session Request to fetch token completed with status 200.
2021-11-29 15:51:40,178 DEBUG    requests_oauthlib.oauth2_session Request headers were {'user-agent': b'google-cloud-sdk gcloud/365.0.1 command/gcloud.auth.login invocation-id/eb45e2dc77284f6097e236dd284e27d5 environment/None environment-version/None interactive/True from-script/False python/3.9.9 term/xterm-256color (Macintosh; Intel Mac OS X 21.1.0)', 'Accept-Encoding': 'gzip, deflate', 'Accept': b'application/json', 'Connection': 'keep-alive', 'Content-Type': b'application/x-www-form-urlencoded;charset=UTF-8', 'Content-Length': '387'}
2021-11-29 15:51:40,178 DEBUG    requests_oauthlib.oauth2_session Request body was grant_type=authorization_code&client_id=32555940559.apps.googleusercontent.com&client_secret=ZmssLNjJy2998hD4CTg2ejr2&code=4%2F0AX4XfWhizlNFz_5qTwZS8E3EcRm4egK0d5v7hm2SRSPbCniTt_ZYXKYEL45kDYPzfkk3Kg&redirect_uri=http%3A%2F%2Flocalhost%3A8085%2F&code_verifier=SAuPgmneiDjpWhhbwa9q_JDTsgEKgHixIm6iudlOQiuXWAh8syCiOhUEdBwtR9_ulCVPsu16DH2JEZGPBgk3262kKgi58QBWE779VuULUqSE2CIdZpHSdnilQ2.s55z.
2021-11-29 15:51:40,178 DEBUG    requests_oauthlib.oauth2_session Response headers were {'Date': 'Mon, 29 Nov 2021 14:51:40 GMT', 'Cache-Control': 'no-cache, no-store, max-age=0, must-revalidate', 'Pragma': 'no-cache', 'Expires': 'Mon, 01 Jan 1990 00:00:00 GMT', 'Content-Type': 'application/json; charset=utf-8', 'Vary': 'Origin, X-Origin, Referer', 'Content-Encoding': 'gzip', 'Server': 'scaffolding on HTTPServer2', 'X-XSS-Protection': '0', 'X-Frame-Options': 'SAMEORIGIN', 'X-Content-Type-Options': 'nosniff', 'Alt-Svc': 'h3=":443"; ma=2592000,h3-29=":443"; ma=2592000,h3-Q050=":443"; ma=2592000,h3-Q046=":443"; ma=2592000,h3-Q043=":443"; ma=2592000,quic=":443"; ma=2592000; v="46,43"', 'Transfer-Encoding': 'chunked'} and content {
  "access_token": "ya29.a0ARrdaM_dPOUjV2dzLet2bqt54Ux5IKAM5hWKuLoHbV6lwLkEYBz6koEHrrsxjbUDcMqsYTzyB8R4IuMC-bls4AO3jnmEfDOy3nqoIyh5IzWu_cp9oWuU1wJ79NKGMpJnx78jNxC9z2xggmQP_wRS6GzoaJka4v7zJZGm",
  "expires_in": 3599,
  "refresh_token": "1//09phzIlWI6rZsCgYIARAAGAkSNwF-L9Irf-K-fTb5XErd9QNeqaSg4Ek1561DzNZBwBUJHTi4Hr8hRjVz7FLPlkdIpzPZnXO71R4",
  "scope": "openid https://www.googleapis.com/auth/compute https://www.googleapis.com/auth/cloud-platform https://www.googleapis.com/auth/appengine.admin https://www.googleapis.com/auth/userinfo.email https://www.googleapis.com/auth/accounts.reauth",
  "token_type": "Bearer",
  "id_token": "eyJhbGciOiJSUzI1NiIsImtpZCI6ImQ0ZTA2Y2ViMjJiMDFiZTU2YzIxM2M5ODU0MGFiNTYzYmZmNWE1OGMiLCJ0eXAiOiJKV1QifQ.eyJpc3MiOiJodHRwczovL2FjY291bnRzLmdvb2dsZS5jb20iLCJhenAiOiIzMjU1NTk0MDU1OS5hcHBzLmdvb2dsZXVzZXJjb250ZW50LmNvbSIsImF1ZCI6IjMyNTU1OTQwNTU5LmFwcHMuZ29vZ2xldXNlcmNvbnRlbnQuY29tIiwic3ViIjoiMTE1Mjg0NDgyOTg2ODc4MjE5NTMyIiwiaGQiOiJtZWRpYW1hcmt0c2F0dXJuLmNvbSIsImVtYWlsIjoid2VpaHJhdWNoc0BtZWRpYW1hcmt0c2F0dXJuLmNvbSIsImVtYWlsX3ZlcmlmaWVkIjp0cnVlLCJhdF9oYXNoIjoiQnIwTlljcHlCOGpfVzJ2clZ5MnVBdyIsImlhdCI6MTYzODE5NzUwMCwiZXhwIjoxNjM4MjAxMTAwfQ.j9UfhAM4rRwcbjPl74Pos0y48tJy0C0XKH8nRtr-QT3htuEGk62HULM8vP418AclotoEy1wK_ErYiKn-S6vGDesJZvOy1XFHyq9GfL7BPm0bgr5g0dLnobLdSA4gKlbu9YqfrZltYH4egQ_LsF5Q93fN5Bt-wzlXxTOGR7ZmB-bzq1tNFgaKDfTtkov28Dzkzxyl31Qm6YrlW0Uwxt_ydEYnEQeofsLbuF2bhXSsB180MUEXNRdhuIUsjDH0k5P7olR_UA_xPq_4l48aRFa1dXkfrBW1ci4AbdhZC-X_3M7mEM-gA6OLQTwR9LzjqNcZbpA_RnoEIiJYsiZKT6_7xg"
}.
2021-11-29 15:51:40,178 DEBUG    requests_oauthlib.oauth2_session Invoking 0 token response hooks.
2021-11-29 15:51:40,179 DEBUG    requests_oauthlib.oauth2_session Obtained token {'access_token': 'ya29.a0ARrdaM_dPOUjV2dzLet2bqt54Ux5IKAM5hWKuLoHbV6lwLkEYBz6koEHrrsxjbUDcMqsYTzyB8R4IuMC-bls4AO3jnmEfDOy3nqoIyh5IzWu_cp9oWuU1wJ79NKGMpJnx78jNxC9z2xggmQP_wRS6GzoaJka4v7zJZGm', 'expires_in': 3599, 'refresh_token': '1//09phzIlWI6rZsCgYIARAAGAkSNwF-L9Irf-K-fTb5XErd9QNeqaSg4Ek1561DzNZBwBUJHTi4Hr8hRjVz7FLPlkdIpzPZnXO71R4', 'scope': ['openid', 'https://www.googleapis.com/auth/compute', 'https://www.googleapis.com/auth/cloud-platform', 'https://www.googleapis.com/auth/appengine.admin', 'https://www.googleapis.com/auth/userinfo.email', 'https://www.googleapis.com/auth/accounts.reauth'], 'token_type': 'Bearer', 'id_token': 'eyJhbGciOiJSUzI1NiIsImtpZCI6ImQ0ZTA2Y2ViMjJiMDFiZTU2YzIxM2M5ODU0MGFiNTYzYmZmNWE1OGMiLCJ0eXAiOiJKV1QifQ.eyJpc3MiOiJodHRwczovL2FjY291bnRzLmdvb2dsZS5jb20iLCJhenAiOiIzMjU1NTk0MDU1OS5hcHBzLmdvb2dsZXVzZXJjb250ZW50LmNvbSIsImF1ZCI6IjMyNTU1OTQwNTU5LmFwcHMuZ29vZ2xldXNlcmNvbnRlbnQuY29tIiwic3ViIjoiMTE1Mjg0NDgyOTg2ODc4MjE5NTMyIiwiaGQiOiJtZWRpYW1hcmt0c2F0dXJuLmNvbSIsImVtYWlsIjoid2VpaHJhdWNoc0BtZWRpYW1hcmt0c2F0dXJuLmNvbSIsImVtYWlsX3ZlcmlmaWVkIjp0cnVlLCJhdF9oYXNoIjoiQnIwTlljcHlCOGpfVzJ2clZ5MnVBdyIsImlhdCI6MTYzODE5NzUwMCwiZXhwIjoxNjM4MjAxMTAwfQ.j9UfhAM4rRwcbjPl74Pos0y48tJy0C0XKH8nRtr-QT3htuEGk62HULM8vP418AclotoEy1wK_ErYiKn-S6vGDesJZvOy1XFHyq9GfL7BPm0bgr5g0dLnobLdSA4gKlbu9YqfrZltYH4egQ_LsF5Q93fN5Bt-wzlXxTOGR7ZmB-bzq1tNFgaKDfTtkov28Dzkzxyl31Qm6YrlW0Uwxt_ydEYnEQeofsLbuF2bhXSsB180MUEXNRdhuIUsjDH0k5P7olR_UA_xPq_4l48aRFa1dXkfrBW1ci4AbdhZC-X_3M7mEM-gA6OLQTwR9LzjqNcZbpA_RnoEIiJYsiZKT6_7xg', 'expires_at': 1638201099.179132}.
2021-11-29 15:51:40,225 INFO     ___FILE_ONLY___ 
You are now logged in as [weihrauchs@mediamarktsaturn.com].
Your current project is [None].  You can change this setting by running:
  $ gcloud config set project PROJECT_ID

2021-11-29 15:51:40,226 INFO     root            Display format: "none"
